<?xml version="1.0" encoding="UTF-8"?>
<!-- Generated by org.testng.reporters.JUnitReportReporter -->
<testsuite skipped="0" hostname="user-PC" name="com.staples.testCases.BaseClass" tests="1" failures="0" timestamp="03 Mar 2020 09:12:59 GMT" time="25.976" errors="0">
  <testcase name="setUp" time="25.976" classname="com.staples.testCases.BaseClass"/>
</testsuite> <!-- com.staples.testCases.BaseClass -->
