<?xml version="1.0" encoding="UTF-8"?>
<!-- Generated by org.testng.reporters.JUnitReportReporter -->
<testsuite skipped="0" hostname="user-PC" name="com.staples.testCases.TC_LoginTestCase" tests="1" failures="0" timestamp="04 Mar 2020 17:55:56 GMT" time="4.393" errors="0">
  <testcase name="loginTest" time="4.393" classname="com.staples.testCases.TC_LoginTestCase"/>
</testsuite> <!-- com.staples.testCases.TC_LoginTestCase -->
